# JRE version: OpenJDK Runtime Environment (21.0.8) (build 21.0.8+-14018985-b1038.68)
# Java VM: OpenJDK 64-Bit Server VM (21.0.8+-14018985-b1038.68, mixed mode, tiered, compressed oops, compressed class ptrs, g1 gc, windows-amd64)
GC Precious Log:
 CardTable entry size: 512
 Card Set container configuration: InlinePtr #cards 4 size 8 Array Of Cards #cards 32 size 80 Howl #buckets 8 coarsen threshold 7372 Howl Bitmap #cards 1024 size 144 coarsen threshold 921 Card regions per heap region 1 cards per card region 8192
 CPUs: 8 total, 8 available
 Memory: 5965M
 Large Page Support: Disabled
 NUMA Support: Disabled
 Compressed Oops: Enabled (Zero based)
 Heap Region Size: 4M
 Heap Min Capacity: 8M
 Heap Initial Capacity: 96M
 Heap Max Capacity: 8G
 Pre-touch: Disabled
 Parallel Workers: 8
 Concurrent Workers: 2
 Concurrent Refinement Workers: 8
 Periodic GC: Disabled
Heap:
 garbage-first heap   total 770048K, used 443481K [0x0000000600000000, 0x0000000800000000)
  region size 4096K, 64 young (262144K), 13 survivors (53248K)
 Metaspace       used 179509K, committed 182016K, reserved 1245184K
  class space    used 23065K, committed 24320K, reserved 1048576K
GC Heap History (20 events):
Event: 124.616 GC heap before
{Heap before GC invocations=144 (full 0):
 garbage-first heap   total 638976K, used 563970K [0x0000000600000000, 0x0000000800000000)
  region size 4096K, 94 young (385024K), 6 survivors (24576K)
 Metaspace       used 173218K, committed 175616K, reserved 1245184K
  class space    used 22300K, committed 23488K, reserved 1048576K
}
Event: 124.632 GC heap after
{Heap after GC invocations=145 (full 0):
 garbage-first heap   total 638976K, used 214076K [0x0000000600000000, 0x0000000800000000)
  region size 4096K, 7 young (28672K), 7 survivors (28672K)
 Metaspace       used 173218K, committed 175616K, reserved 1245184K
  class space    used 22300K, committed 23488K, reserved 1048576K
}
Event: 125.152 GC heap before
{Heap before GC invocations=145 (full 0):
 garbage-first heap   total 638976K, used 566332K [0x0000000600000000, 0x0000000800000000)
  region size 4096K, 93 young (380928K), 7 survivors (28672K)
 Metaspace       used 173218K, committed 175616K, reserved 1245184K
  class space    used 22300K, committed 23488K, reserved 1048576K
}
Event: 125.166 GC heap after
{Heap after GC invocations=146 (full 0):
 garbage-first heap   total 638976K, used 215301K [0x0000000600000000, 0x0000000800000000)
  region size 4096K, 7 young (28672K), 7 survivors (28672K)
 Metaspace       used 173218K, committed 175616K, reserved 1245184K
  class space    used 22300K, committed 23488K, reserved 1048576K
}
Event: 125.575 GC heap before
{Heap before GC invocations=146 (full 0):
 garbage-first heap   total 638976K, used 567557K [0x0000000600000000, 0x0000000800000000)
  region size 4096K, 93 young (380928K), 7 survivors (28672K)
 Metaspace       used 173219K, committed 175616K, reserved 1245184K
  class space    used 22300K, committed 23488K, reserved 1048576K
}
Event: 125.586 GC heap after
{Heap after GC invocations=147 (full 0):
 garbage-first heap   total 638976K, used 209207K [0x0000000600000000, 0x0000000800000000)
  region size 4096K, 5 young (20480K), 5 survivors (20480K)
 Metaspace       used 173219K, committed 175616K, reserved 1245184K
  class space    used 22300K, committed 23488K, reserved 1048576K
}
Event: 126.159 GC heap before
{Heap before GC invocations=147 (full 0):
 garbage-first heap   total 638976K, used 569655K [0x0000000600000000, 0x0000000800000000)
  region size 4096K, 93 young (380928K), 5 survivors (20480K)
 Metaspace       used 173232K, committed 175616K, reserved 1245184K
  class space    used 22301K, committed 23488K, reserved 1048576K
}
Event: 126.167 GC heap after
{Heap after GC invocations=148 (full 0):
 garbage-first heap   total 638976K, used 203331K [0x0000000600000000, 0x0000000800000000)
  region size 4096K, 4 young (16384K), 4 survivors (16384K)
 Metaspace       used 173232K, committed 175616K, reserved 1245184K
  class space    used 22301K, committed 23488K, reserved 1048576K
}
Event: 126.747 GC heap before
{Heap before GC invocations=148 (full 0):
 garbage-first heap   total 638976K, used 567875K [0x0000000600000000, 0x0000000800000000)
  region size 4096K, 93 young (380928K), 4 survivors (16384K)
 Metaspace       used 173235K, committed 175616K, reserved 1245184K
  class space    used 22301K, committed 23488K, reserved 1048576K
}
Event: 126.756 GC heap after
{Heap after GC invocations=149 (full 0):
 garbage-first heap   total 770048K, used 205786K [0x0000000600000000, 0x0000000800000000)
  region size 4096K, 4 young (16384K), 4 survivors (16384K)
 Metaspace       used 173235K, committed 175616K, reserved 1245184K
  class space    used 22301K, committed 23488K, reserved 1048576K
}
Event: 127.744 GC heap before
{Heap before GC invocations=149 (full 0):
 garbage-first heap   total 770048K, used 648154K [0x0000000600000000, 0x0000000800000000)
  region size 4096K, 112 young (458752K), 4 survivors (16384K)
 Metaspace       used 173246K, committed 175616K, reserved 1245184K
  class space    used 22302K, committed 23488K, reserved 1048576K
}
Event: 127.762 GC heap after
{Heap after GC invocations=150 (full 0):
 garbage-first heap   total 770048K, used 211094K [0x0000000600000000, 0x0000000800000000)
  region size 4096K, 5 young (20480K), 5 survivors (20480K)
 Metaspace       used 173246K, committed 175616K, reserved 1245184K
  class space    used 22302K, committed 23488K, reserved 1048576K
}
Event: 128.580 GC heap before
{Heap before GC invocations=150 (full 0):
 garbage-first heap   total 770048K, used 649366K [0x0000000600000000, 0x0000000800000000)
  region size 4096K, 112 young (458752K), 5 survivors (20480K)
 Metaspace       used 173253K, committed 175616K, reserved 1245184K
  class space    used 22302K, committed 23488K, reserved 1048576K
}
Event: 128.599 GC heap after
{Heap after GC invocations=151 (full 0):
 garbage-first heap   total 770048K, used 218170K [0x0000000600000000, 0x0000000800000000)
  region size 4096K, 7 young (28672K), 7 survivors (28672K)
 Metaspace       used 173253K, committed 175616K, reserved 1245184K
  class space    used 22302K, committed 23488K, reserved 1048576K
}
Event: 130.936 GC heap before
{Heap before GC invocations=151 (full 0):
 garbage-first heap   total 770048K, used 644154K [0x0000000600000000, 0x0000000800000000)
  region size 4096K, 112 young (458752K), 7 survivors (28672K)
 Metaspace       used 173298K, committed 175680K, reserved 1245184K
  class space    used 22307K, committed 23488K, reserved 1048576K
}
Event: 130.970 GC heap after
{Heap after GC invocations=152 (full 0):
 garbage-first heap   total 770048K, used 216875K [0x0000000600000000, 0x0000000800000000)
  region size 4096K, 9 young (36864K), 9 survivors (36864K)
 Metaspace       used 173298K, committed 175680K, reserved 1245184K
  class space    used 22307K, committed 23488K, reserved 1048576K
}
Event: 171.220 GC heap before
{Heap before GC invocations=152 (full 0):
 garbage-first heap   total 770048K, used 638763K [0x0000000600000000, 0x0000000800000000)
  region size 4096K, 112 young (458752K), 9 survivors (36864K)
 Metaspace       used 179028K, committed 181440K, reserved 1245184K
  class space    used 23043K, committed 24192K, reserved 1048576K
}
Event: 171.253 GC heap after
{Heap after GC invocations=153 (full 0):
 garbage-first heap   total 770048K, used 225018K [0x0000000600000000, 0x0000000800000000)
  region size 4096K, 10 young (40960K), 10 survivors (40960K)
 Metaspace       used 179028K, committed 181440K, reserved 1245184K
  class space    used 23043K, committed 24192K, reserved 1048576K
}
Event: 185.466 GC heap before
{Heap before GC invocations=153 (full 0):
 garbage-first heap   total 770048K, used 638714K [0x0000000600000000, 0x0000000800000000)
  region size 4096K, 112 young (458752K), 10 survivors (40960K)
 Metaspace       used 179468K, committed 182016K, reserved 1245184K
  class space    used 23065K, committed 24320K, reserved 1048576K
}
Event: 185.582 GC heap after
{Heap after GC invocations=154 (full 0):
 garbage-first heap   total 770048K, used 242777K [0x0000000600000000, 0x0000000800000000)
  region size 4096K, 13 young (53248K), 13 survivors (53248K)
 Metaspace       used 179468K, committed 182016K, reserved 1245184K
  class space    used 23065K, committed 24320K, reserved 1048576K
}

